app/build/intermediates/manifest_merge_blame_file/debug/manifest-merger-blame-debug-report.txt
1<?xml version="1.0" encoding="utf-8"?>
2<manifest xmlns:android="http://schemas.android.com/apk/res/android"
3    package="com.alexkang.loopboard"
4    android:versionCode="20"
5    android:versionName="3.0" >
6
7    <uses-sdk
8        android:minSdkVersion="21"
9        android:targetSdkVersion="26" />
10
11    <uses-permission android:name="android.permission.RECORD_AUDIO" />
11-->src/main/AndroidManifest.xml:5:5-71
11-->src/main/AndroidManifest.xml:5:22-68
12
13    <!-- <uses-permission android:name="android.permission.WRITE_EXTERNAL_STORAGE" /> -->
14    <application
14-->src/main/AndroidManifest.xml:8:5-25:19
15        android:allowBackup="true"
15-->src/main/AndroidManifest.xml:9:9-35
16        android:debuggable="true"
17        android:extractNativeLibs="true"
18        android:icon="@drawable/ic_launcher"
18-->src/main/AndroidManifest.xml:10:9-45
19        android:label="@string/app_name"
19-->src/main/AndroidManifest.xml:11:9-41
20        android:largeHeap="true"
20-->src/main/AndroidManifest.xml:13:9-33
21        android:testOnly="true"
21-->src/main/AndroidManifest.xml:14:9-33
22        android:theme="@style/AppTheme" >
22-->src/main/AndroidManifest.xml:12:9-40
23        <activity
23-->src/main/AndroidManifest.xml:16:9-24:20
24            android:name="com.alexkang.loopboard.MainActivity"
24-->src/main/AndroidManifest.xml:17:13-63
25            android:label="@string/app_name"
25-->src/main/AndroidManifest.xml:18:13-45
26            android:screenOrientation="portrait" >
26-->src/main/AndroidManifest.xml:19:13-49
27            <intent-filter>
27-->src/main/AndroidManifest.xml:20:13-23:29
28                <action android:name="android.intent.action.MAIN" />
28-->src/main/AndroidManifest.xml:21:17-69
28-->src/main/AndroidManifest.xml:21:25-66
29
30                <category android:name="android.intent.category.LAUNCHER" />
30-->src/main/AndroidManifest.xml:22:17-77
30-->src/main/AndroidManifest.xml:22:27-74
31            </intent-filter>
32        </activity>
33
34        <meta-data
34-->[com.android.support:design:26.1.0] AndroidManifest.xml:26:9-28:38
35            android:name="android.support.VERSION"
35-->[com.android.support:design:26.1.0] AndroidManifest.xml:27:13-51
36            android:value="26.1.0" />
36-->[com.android.support:design:26.1.0] AndroidManifest.xml:28:13-35
37        <meta-data
37-->[android.arch.lifecycle:runtime:1.0.0] AndroidManifest.xml:25:9-27:47
38            android:name="android.arch.lifecycle.VERSION"
38-->[android.arch.lifecycle:runtime:1.0.0] AndroidManifest.xml:26:13-58
39            android:value="27.0.0-SNAPSHOT" />
39-->[android.arch.lifecycle:runtime:1.0.0] AndroidManifest.xml:27:13-44
40    </application>
41
42</manifest>